{"contracts/TicketForge.sol":{"l":{"17":8,"19":8,"21":6,"22":18,"25":16,"27":2,"30":4,"57":8,"59":4,"62":2,"63":2,"65":2,"66":1,"77":1,"89":3},"path":"/Users/mortimr/projects/repo/contracts/contracts_modules/ticketforge/contracts/TicketForge.sol","s":{"1":8,"2":8,"3":2,"4":6,"5":18,"6":2,"7":4,"8":8,"9":4,"10":2,"11":2,"12":2,"13":1,"14":1,"15":3},"b":{"1":[2,6],"2":[16,2],"3":[4,4],"4":[2,2]},"f":{"1":8,"2":8,"3":1,"4":3},"fnMap":{"1":{"name":"verifyScopeName","line":16,"loc":{"start":{"line":16,"column":4},"end":{"line":16,"column":75}}},"2":{"name":"createScope","line":56,"loc":{"start":{"line":56,"column":4},"end":{"line":56,"column":116}}},"3":{"name":"getScope","line":76,"loc":{"start":{"line":76,"column":4},"end":{"line":76,"column":104}}},"4":{"name":"isScopeAdmin","line":88,"loc":{"start":{"line":88,"column":4},"end":{"line":88,"column":89}}}},"statementMap":{"1":{"start":{"line":17,"column":8},"end":{"line":17,"column":46}},"2":{"start":{"line":19,"column":8},"end":{"line":19,"column":49}},"3":{"start":{"line":19,"column":37},"end":{"line":19,"column":49}},"4":{"start":{"line":21,"column":8},"end":{"line":21,"column":583}},"5":{"start":{"line":22,"column":12},"end":{"line":22,"column":653}},"6":{"start":{"line":27,"column":12},"end":{"line":27,"column":24}},"7":{"start":{"line":30,"column":8},"end":{"line":30,"column":19}},"8":{"start":{"line":57,"column":8},"end":{"line":57,"column":2461}},"9":{"start":{"line":59,"column":8},"end":{"line":59,"column":2577}},"10":{"start":{"line":62,"column":8},"end":{"line":62,"column":33}},"11":{"start":{"line":63,"column":8},"end":{"line":63,"column":57}},"12":{"start":{"line":65,"column":8},"end":{"line":65,"column":2732}},"13":{"start":{"line":66,"column":12},"end":{"line":66,"column":68}},"14":{"start":{"line":77,"column":8},"end":{"line":77,"column":68}},"15":{"start":{"line":89,"column":8},"end":{"line":89,"column":50}}},"branchMap":{"1":{"line":19,"type":"if","locations":[{"start":{"line":19,"column":8},"end":{"line":19,"column":8}},{"start":{"line":19,"column":8},"end":{"line":19,"column":8}}]},"2":{"line":22,"type":"if","locations":[{"start":{"line":22,"column":12},"end":{"line":22,"column":12}},{"start":{"line":22,"column":12},"end":{"line":22,"column":12}}]},"3":{"line":57,"type":"if","locations":[{"start":{"line":57,"column":8},"end":{"line":57,"column":8}},{"start":{"line":57,"column":8},"end":{"line":57,"column":8}}]},"4":{"line":59,"type":"if","locations":[{"start":{"line":59,"column":8},"end":{"line":59,"column":8}},{"start":{"line":59,"column":8},"end":{"line":59,"column":8}}]}}}}