{"contracts/InvalidERC721Receiver.sol":{"l":{"16":2,"17":2,"18":2,"19":2,"20":2},"path":"/Users/mortimr/projects/repo/contracts/contracts_modules/ticketforge/contracts/InvalidERC721Receiver.sol","s":{"1":2,"2":2,"3":2,"4":2,"5":2},"b":{},"f":{"1":2},"fnMap":{"1":{"name":"onERC721Received","line":14,"loc":{"start":{"line":14,"column":4},"end":{"line":15,"column":29}}}},"statementMap":{"1":{"start":{"line":16,"column":8},"end":{"line":16,"column":31}},"2":{"start":{"line":17,"column":8},"end":{"line":17,"column":23}},"3":{"start":{"line":18,"column":8},"end":{"line":18,"column":29}},"4":{"start":{"line":19,"column":8},"end":{"line":19,"column":23}},"5":{"start":{"line":20,"column":8},"end":{"line":20,"column":31}}},"branchMap":{}},"contracts/TicketForge.sol":{"l":{"51":25,"53":21,"56":19,"57":19,"59":19,"60":18,"63":19,"64":17,"67":19,"68":2,"71":19,"82":18,"94":3,"98":16,"99":14,"102":2,"113":19,"114":16,"115":15,"116":15,"117":15,"118":15,"119":15,"132":17,"134":11,"149":5,"165":12,"166":8,"171":25,"173":25,"175":23,"176":86,"179":84,"181":2,"184":21,"188":17,"189":8,"191":9,"195":19},"path":"/Users/mortimr/projects/repo/contracts/contracts_modules/ticketforge/contracts/TicketForge.sol","s":{"1":25,"2":21,"3":19,"4":19,"5":19,"6":18,"7":19,"8":17,"9":19,"10":2,"11":19,"12":18,"13":3,"14":16,"15":14,"16":2,"17":19,"18":16,"19":15,"20":15,"21":15,"22":15,"23":17,"24":11,"25":5,"26":12,"27":8,"28":25,"29":25,"30":2,"31":23,"32":86,"33":2,"34":21,"35":17,"36":8,"37":9,"38":19},"b":{"1":[21,4],"2":[19,2],"3":[17,2],"4":[14,2],"5":[16,3],"6":[15,1],"7":[11,6],"8":[6,2],"9":[2,23],"10":[84,2],"11":[8,9]},"f":{"1":25,"2":18,"3":3,"4":16,"5":19,"6":17,"7":5,"8":12,"9":25,"10":17,"11":19},"fnMap":{"1":{"name":"createScope","line":45,"loc":{"start":{"line":45,"column":4},"end":{"line":50,"column":20}}},"2":{"name":"getScope","line":80,"loc":{"start":{"line":80,"column":4},"end":{"line":81,"column":89}}},"3":{"name":"isScopeAdmin","line":93,"loc":{"start":{"line":93,"column":4},"end":{"line":93,"column":89}}},"4":{"name":"isAllowedMinter","line":97,"loc":{"start":{"line":97,"column":4},"end":{"line":97,"column":89}}},"5":{"name":"mint","line":112,"loc":{"start":{"line":112,"column":4},"end":{"line":112,"column":56}}},"6":{"name":"transferFrom","line":130,"loc":{"start":{"line":130,"column":4},"end":{"line":130,"column":74}}},"7":{"name":"safeTransferFrom","line":148,"loc":{"start":{"line":148,"column":4},"end":{"line":148,"column":78}}},"8":{"name":"safeTransferFrom","line":164,"loc":{"start":{"line":164,"column":4},"end":{"line":164,"column":98}}},"9":{"name":"verifyScopeName","line":170,"loc":{"start":{"line":170,"column":4},"end":{"line":170,"column":75}}},"10":{"name":"_isApprovedOrOwnerOrScopeAdmin","line":187,"loc":{"start":{"line":187,"column":4},"end":{"line":187,"column":103}}},"11":{"name":"scopeByIndexExists","line":194,"loc":{"start":{"line":194,"column":4},"end":{"line":194,"column":73}}}},"statementMap":{"1":{"start":{"line":51,"column":8},"end":{"line":51,"column":2268}},"2":{"start":{"line":53,"column":8},"end":{"line":53,"column":2384}},"3":{"start":{"line":56,"column":8},"end":{"line":56,"column":33}},"4":{"start":{"line":57,"column":8},"end":{"line":57,"column":57}},"5":{"start":{"line":59,"column":8},"end":{"line":59,"column":2539}},"6":{"start":{"line":60,"column":12},"end":{"line":60,"column":68}},"7":{"start":{"line":63,"column":8},"end":{"line":63,"column":2687}},"8":{"start":{"line":64,"column":12},"end":{"line":64,"column":54}},"9":{"start":{"line":67,"column":8},"end":{"line":67,"column":2794}},"10":{"start":{"line":68,"column":12},"end":{"line":68,"column":60}},"11":{"start":{"line":71,"column":8},"end":{"line":71,"column":55}},"12":{"start":{"line":82,"column":8},"end":{"line":82,"column":88}},"13":{"start":{"line":94,"column":8},"end":{"line":94,"column":50}},"14":{"start":{"line":98,"column":8},"end":{"line":98,"column":3835}},"15":{"start":{"line":99,"column":12},"end":{"line":99,"column":23}},"16":{"start":{"line":102,"column":8},"end":{"line":102,"column":67}},"17":{"start":{"line":113,"column":8},"end":{"line":113,"column":102}},"18":{"start":{"line":114,"column":8},"end":{"line":114,"column":98}},"19":{"start":{"line":115,"column":8},"end":{"line":115,"column":35}},"20":{"start":{"line":116,"column":8},"end":{"line":116,"column":52}},"21":{"start":{"line":117,"column":8},"end":{"line":117,"column":78}},"22":{"start":{"line":118,"column":8},"end":{"line":118,"column":56}},"23":{"start":{"line":132,"column":8},"end":{"line":132,"column":133}},"24":{"start":{"line":134,"column":8},"end":{"line":134,"column":40}},"25":{"start":{"line":149,"column":8},"end":{"line":149,"column":47}},"26":{"start":{"line":165,"column":8},"end":{"line":165,"column":39}},"27":{"start":{"line":166,"column":8},"end":{"line":166,"column":119}},"28":{"start":{"line":171,"column":8},"end":{"line":171,"column":46}},"29":{"start":{"line":173,"column":8},"end":{"line":173,"column":49}},"30":{"start":{"line":173,"column":37},"end":{"line":173,"column":49}},"31":{"start":{"line":175,"column":8},"end":{"line":175,"column":7449}},"32":{"start":{"line":176,"column":12},"end":{"line":176,"column":7519}},"33":{"start":{"line":181,"column":12},"end":{"line":181,"column":24}},"34":{"start":{"line":184,"column":8},"end":{"line":184,"column":19}},"35":{"start":{"line":188,"column":8},"end":{"line":188,"column":7958}},"36":{"start":{"line":189,"column":12},"end":{"line":189,"column":23}},"37":{"start":{"line":191,"column":8},"end":{"line":191,"column":83}},"38":{"start":{"line":195,"column":8},"end":{"line":195,"column":42}}},"branchMap":{"1":{"line":51,"type":"if","locations":[{"start":{"line":51,"column":8},"end":{"line":51,"column":8}},{"start":{"line":51,"column":8},"end":{"line":51,"column":8}}]},"2":{"line":53,"type":"if","locations":[{"start":{"line":53,"column":8},"end":{"line":53,"column":8}},{"start":{"line":53,"column":8},"end":{"line":53,"column":8}}]},"3":{"line":63,"type":"if","locations":[{"start":{"line":63,"column":8},"end":{"line":63,"column":8}},{"start":{"line":63,"column":8},"end":{"line":63,"column":8}}]},"4":{"line":98,"type":"if","locations":[{"start":{"line":98,"column":8},"end":{"line":98,"column":8}},{"start":{"line":98,"column":8},"end":{"line":98,"column":8}}]},"5":{"line":113,"type":"if","locations":[{"start":{"line":113,"column":8},"end":{"line":113,"column":8}},{"start":{"line":113,"column":8},"end":{"line":113,"column":8}}]},"6":{"line":114,"type":"if","locations":[{"start":{"line":114,"column":8},"end":{"line":114,"column":8}},{"start":{"line":114,"column":8},"end":{"line":114,"column":8}}]},"7":{"line":132,"type":"if","locations":[{"start":{"line":132,"column":8},"end":{"line":132,"column":8}},{"start":{"line":132,"column":8},"end":{"line":132,"column":8}}]},"8":{"line":166,"type":"if","locations":[{"start":{"line":166,"column":8},"end":{"line":166,"column":8}},{"start":{"line":166,"column":8},"end":{"line":166,"column":8}}]},"9":{"line":173,"type":"if","locations":[{"start":{"line":173,"column":8},"end":{"line":173,"column":8}},{"start":{"line":173,"column":8},"end":{"line":173,"column":8}}]},"10":{"line":176,"type":"if","locations":[{"start":{"line":176,"column":12},"end":{"line":176,"column":12}},{"start":{"line":176,"column":12},"end":{"line":176,"column":12}}]},"11":{"line":188,"type":"if","locations":[{"start":{"line":188,"column":8},"end":{"line":188,"column":8}},{"start":{"line":188,"column":8},"end":{"line":188,"column":8}}]}}},"contracts/ValidERC721Receiver.sol":{"l":{"16":3,"17":3,"18":3,"19":3,"20":3},"path":"/Users/mortimr/projects/repo/contracts/contracts_modules/ticketforge/contracts/ValidERC721Receiver.sol","s":{"1":3,"2":3,"3":3,"4":3,"5":3},"b":{},"f":{"1":3},"fnMap":{"1":{"name":"onERC721Received","line":14,"loc":{"start":{"line":14,"column":4},"end":{"line":15,"column":29}}}},"statementMap":{"1":{"start":{"line":16,"column":8},"end":{"line":16,"column":31}},"2":{"start":{"line":17,"column":8},"end":{"line":17,"column":23}},"3":{"start":{"line":18,"column":8},"end":{"line":18,"column":29}},"4":{"start":{"line":19,"column":8},"end":{"line":19,"column":23}},"5":{"start":{"line":20,"column":8},"end":{"line":20,"column":31}}},"branchMap":{}}}